<?xml version="1.0" encoding="UTF-8"?>
<testsuite name="com.example.demo.SpringBootCrudApplicationTests" tests="1" skipped="0" failures="0" errors="0" timestamp="2025-06-08T17:06:58.678Z" hostname="fedora" time="0.333">
  <properties/>
  <testcase name="contextLoads()" classname="com.example.demo.SpringBootCrudApplicationTests" time="0.333"/>
  <system-out><![CDATA[19:06:55.223 [Test worker] INFO org.springframework.test.context.support.AnnotationConfigContextLoaderUtils -- Could not detect default configuration classes for test class [com.example.demo.SpringBootCrudApplicationTests]: SpringBootCrudApplicationTests does not declare any static, non-private, non-final, nested classes annotated with @Configuration.
19:06:55.313 [Test worker] INFO org.springframework.boot.test.context.SpringBootTestContextBootstrapper -- Found @SpringBootConfiguration com.example.demo.SpringBootCrudApplication for test class com.example.demo.SpringBootCrudApplicationTests

  .   ____          _            __ _ _
 /\\ / ___'_ __ _ _(_)_ __  __ _ \ \ \ \
( ( )\___ | '_ | '_| | '_ \/ _` | \ \ \ \
 \\/  ___)| |_)| | | | | || (_| |  ) ) ) )
  '  |____| .__|_| |_|_| |_\__, | / / / /
 =========|_|==============|___/=/_/_/_/

 :: Spring Boot ::                (v3.4.3)

2025-06-08T19:06:55.588+02:00  INFO 152524 --- [    Test worker] c.e.demo.SpringBootCrudApplicationTests  : Starting SpringBootCrudApplicationTests using Java 21.0.7 with PID 152524 (started by Waveus in /home/Waveus/coding/take5/TAKE/V1.9)
2025-06-08T19:06:55.589+02:00  INFO 152524 --- [    Test worker] c.e.demo.SpringBootCrudApplicationTests  : No active profile set, falling back to 1 default profile: "default"
2025-06-08T19:06:56.155+02:00  INFO 152524 --- [    Test worker] .s.d.r.c.RepositoryConfigurationDelegate : Bootstrapping Spring Data JPA repositories in DEFAULT mode.
2025-06-08T19:06:56.201+02:00  INFO 152524 --- [    Test worker] .s.d.r.c.RepositoryConfigurationDelegate : Finished Spring Data repository scanning in 40 ms. Found 4 JPA repository interfaces.
2025-06-08T19:06:56.555+02:00  INFO 152524 --- [    Test worker] o.hibernate.jpa.internal.util.LogHelper  : HHH000204: Processing PersistenceUnitInfo [name: default]
2025-06-08T19:06:56.588+02:00  INFO 152524 --- [    Test worker] org.hibernate.Version                    : HHH000412: Hibernate ORM core version 6.6.8.Final
2025-06-08T19:06:56.607+02:00  INFO 152524 --- [    Test worker] o.h.c.internal.RegionFactoryInitiator    : HHH000026: Second-level cache disabled
2025-06-08T19:06:56.786+02:00  INFO 152524 --- [    Test worker] o.s.o.j.p.SpringPersistenceUnitInfo      : No LoadTimeWeaver setup: ignoring JPA class transformer
2025-06-08T19:06:56.805+02:00  INFO 152524 --- [    Test worker] com.zaxxer.hikari.HikariDataSource       : HikariPool-1 - Starting...
2025-06-08T19:06:56.919+02:00  INFO 152524 --- [    Test worker] com.zaxxer.hikari.pool.HikariPool        : HikariPool-1 - Added connection org.postgresql.jdbc.PgConnection@638977e0
2025-06-08T19:06:56.920+02:00  INFO 152524 --- [    Test worker] com.zaxxer.hikari.HikariDataSource       : HikariPool-1 - Start completed.
2025-06-08T19:06:56.936+02:00  WARN 152524 --- [    Test worker] org.hibernate.orm.deprecation            : HHH90000025: PostgreSQLDialect does not need to be specified explicitly using 'hibernate.dialect' (remove the property setting and it will be selected by default)
2025-06-08T19:06:56.947+02:00  INFO 152524 --- [    Test worker] org.hibernate.orm.connections.pooling    : HHH10001005: Database info:
	Database JDBC URL [Connecting through datasource 'HikariDataSource (HikariPool-1)']
	Database driver: undefined/unknown
	Database version: 16.8
	Autocommit mode: undefined/unknown
	Isolation level: undefined/unknown
	Minimum pool size: undefined/unknown
	Maximum pool size: undefined/unknown
2025-06-08T19:06:57.582+02:00  INFO 152524 --- [    Test worker] o.h.e.t.j.p.i.JtaPlatformInitiator       : HHH000489: No JTA platform available (set 'hibernate.transaction.jta.platform' to enable JTA platform integration)
2025-06-08T19:06:57.629+02:00  INFO 152524 --- [    Test worker] j.LocalContainerEntityManagerFactoryBean : Initialized JPA EntityManagerFactory for persistence unit 'default'
2025-06-08T19:06:58.133+02:00  WARN 152524 --- [    Test worker] JpaBaseConfiguration$JpaWebConfiguration : spring.jpa.open-in-view is enabled by default. Therefore, database queries may be performed during view rendering. Explicitly configure spring.jpa.open-in-view to disable this warning
2025-06-08T19:06:58.665+02:00  INFO 152524 --- [    Test worker] c.e.demo.SpringBootCrudApplicationTests  : Started SpringBootCrudApplicationTests in 3.245 seconds (process running for 3.971)
]]></system-out>
  <system-err><![CDATA[Mockito is currently self-attaching to enable the inline-mock-maker. This will no longer work in future releases of the JDK. Please add Mockito as an agent to your build what is described in Mockito's documentation: https://javadoc.io/doc/org.mockito/mockito-core/latest/org/mockito/Mockito.html#0.3
WARNING: A Java agent has been loaded dynamically (/home/Waveus/.gradle/caches/modules-2/files-2.1/net.bytebuddy/byte-buddy-agent/1.15.11/a38b16385e867f59a641330f0362ebe742788ed8/byte-buddy-agent-1.15.11.jar)
WARNING: If a serviceability tool is in use, please run with -XX:+EnableDynamicAgentLoading to hide this warning
WARNING: If a serviceability tool is not in use, please run with -Djdk.instrument.traceUsage for more information
WARNING: Dynamic loading of agents will be disallowed by default in a future release
]]></system-err>
</testsuite>
